<?xml version="1.0" encoding="UTF-8"?>
<testng-results skipped="0" failed="0" total="1" passed="1">
  <reporter-output>
  </reporter-output>
  <suite name="Default suite" duration-ms="11429" started-at="2019-08-21T16:46:27Z" finished-at="2019-08-21T16:46:39Z">
    <groups>
      <group name="cucumber">
        <method signature="AbstractTestNGCucumberTests.feature(cucumber.api.testng.CucumberFeatureWrapper)[pri:0, instance:com.web.copyRunnerClass6@5ce81285]" name="feature" class="cucumber.api.testng.AbstractTestNGCucumberTests"/>
      </group> <!-- cucumber -->
    </groups>
    <test name="Default test" duration-ms="11429" started-at="2019-08-21T16:46:27Z" finished-at="2019-08-21T16:46:39Z">
      <class name="com.web.copyRunnerClass6">
        <test-method status="PASS" signature="setUpClass()[pri:0, instance:com.web.copyRunnerClass6@5ce81285]" name="setUpClass" is-config="true" duration-ms="549" started-at="2019-08-21T22:16:27Z" finished-at="2019-08-21T22:16:28Z">
          <reporter-output>
          </reporter-output>
        </test-method> <!-- setUpClass -->
        <test-method status="PASS" signature="feature(cucumber.api.testng.CucumberFeatureWrapper)[pri:0, instance:com.web.copyRunnerClass6@5ce81285]" name="feature" duration-ms="10705" started-at="2019-08-21T22:16:28Z" description="Runs Cucumber Feature" data-provider="features" finished-at="2019-08-21T22:16:39Z">
          <params>
            <param index="0">
              <value>
                <![CDATA[Ability to create a new record producer and verify assess state]]>
              </value>
            </param>
          </params>
          <reporter-output>
          </reporter-output>
        </test-method> <!-- feature -->
        <test-method status="PASS" signature="tearDownClass()[pri:0, instance:com.web.copyRunnerClass6@5ce81285]" name="tearDownClass" is-config="true" duration-ms="20" started-at="2019-08-21T22:16:39Z" finished-at="2019-08-21T22:16:39Z">
          <reporter-output>
          </reporter-output>
        </test-method> <!-- tearDownClass -->
      </class> <!-- com.web.copyRunnerClass6 -->
    </test> <!-- Default test -->
  </suite> <!-- Default suite -->
</testng-results>
